  Using 'git status' to determine working set for adaptive non-unity build (D:\Unreal Projects\PlatformerJuly22\Platformer2D).
  Parsing headers for Platformer2DEditor
    Running UnrealHeaderTool "D:\Unreal Projects\PlatformerJuly22\Platformer2D\Platformer2D\Platformer2D.uproject" "D:\Unreal Projects\PlatformerJuly22\Platformer2D\Platformer2D\Intermediate\Build\Win64\Platformer2DEditor\Development\Platformer2DEditor.uhtmanifest" -LogCmds="loginit warning, logexit warning, logdatabase error" -Unattended -WarningsAsErrors -abslog="C:\Users\scott\AppData\Local\UnrealBuildTool\Log_UHT.txt" -installed
  Reflection code generated for Platformer2DEditor in 2.5269517 seconds
  Building Platformer2DEditor...
  Using Visual Studio 2019 14.30.30706 toolchain (C:\Program Files\Microsoft Visual Studio\2022\Community\VC\Tools\MSVC\14.30.30705) and Windows 10.0.19041.0 SDK (C:\Program Files (x86)\Windows Kits\10).
  Building 9 actions with 16 processes...
    [1/9] PlayerCharacter.gen.cpp
    [2/9] BreakableTile.cpp
    [3/9] Coin.cpp
    [4/9] PlayerCharacter.cpp
    [5/9] InPlayGameModeBase.cpp
    [6/9] MainMenuGameModeBase.cpp
    [7/9] UE4Editor-Platformer2D-0033.lib
       Creating library D:\Unreal Projects\PlatformerJuly22\Platformer2D\Platformer2D\Intermediate\Build\Win64\UE4Editor\Development\Platformer2D\UE4Editor-Platformer2D-0033.lib and object D:\Unreal Projects\PlatformerJuly22\Platformer2D\Platformer2D\Intermediate\Build\Win64\UE4Editor\Development\Platformer2D\UE4Editor-Platformer2D-0033.exp
    [8/9] UE4Editor-Platformer2D-0033.dll
       Creating library D:\Unreal Projects\PlatformerJuly22\Platformer2D\Platformer2D\Intermediate\Build\Win64\UE4Editor\Development\Platformer2D\UE4Editor-Platformer2D-0033.suppressed.lib and object D:\Unreal Projects\PlatformerJuly22\Platformer2D\Platformer2D\Intermediate\Build\Win64\UE4Editor\Development\Platformer2D\UE4Editor-Platformer2D-0033.suppressed.exp
    [9/9] Platformer2DEditor.target
  Total time in Parallel executor: 19.17 seconds
  Total execution time: 22.18 seconds
